<?xml version="1.0" encoding="UTF-8"?>
<!-- Generated by org.testng.reporters.JUnitReportReporter -->
<testsuite hostname="MTVL12047c587-2.local" name="com.branch.testproject.GoogleHomePageTest" tests="2" failures="0" timestamp="5 May 2018 17:25:09 GMT" time="108.602" errors="0">
  <testcase name="navigateBranchTeam" time="45.481" classname="com.branch.testproject.GoogleHomePageTest"/>
  <testcase name="testGoogleSearchBar" time="63.121" classname="com.branch.testproject.GoogleHomePageTest"/>
</testsuite> <!-- com.branch.testproject.GoogleHomePageTest -->
