<?xml version="1.0" encoding="UTF-8"?>
<!-- Generated by org.testng.reporters.JUnitReportReporter -->
<testsuite hostname="mtvl1536be973" name="com.branch.testproject.GoogleHomePageTest" tests="3" failures="0" timestamp="7 May 2018 17:50:31 GMT" time="23.818" errors="0">
  <testcase name="testImageExistsForAllEmployees" time="15.841" classname="com.branch.testproject.GoogleHomePageTest"/>
  <testcase name="testGoogleSearchBar" time="3.446" classname="com.branch.testproject.GoogleHomePageTest"/>
  <testcase name="navigateBranchTeam" time="4.531" classname="com.branch.testproject.GoogleHomePageTest"/>
</testsuite> <!-- com.branch.testproject.GoogleHomePageTest -->
